#
# There is insufficient memory for the Java Runtime Environment to continue.
# Native memory allocation (mmap) failed to map 528482304 bytes for G1 virtual space
# Possible reasons:
#   The system is out of physical RAM or swap space
#   The process is running with CompressedOops enabled, and the Java Heap may be blocking the growth of the native heap
# Possible solutions:
#   Reduce memory load on the system
#   Increase physical memory or swap space
#   Check if swap backing store is full
#   Decrease Java heap size (-Xmx/-Xms)
#   Decrease number of Java threads
#   Decrease Java thread stack sizes (-Xss)
#   Set larger code cache with -XX:ReservedCodeCacheSize=
#   JVM is running with Unscaled Compressed Oops mode in which the Java heap is
#     placed in the first 4GB address space. The Java Heap base address is the
#     maximum limit for the native heap growth. Please use -XX:HeapBaseMinAddress
#     to set the Java Heap base and to place the Java Heap above 4GB virtual address.
# This output file may be truncated or incomplete.
#
#  Out of Memory Error (os_windows.cpp:3532), pid=32952, tid=4744
#
# JRE version:  (17.0.2+8) (build )
# Java VM: Java HotSpot(TM) 64-Bit Server VM (17.0.2+8-LTS-86, mixed mode, sharing, tiered, compressed oops, compressed class ptrs, g1 gc, windows-amd64)
# No core dump will be written. Minidumps are not enabled by default on client versions of Windows
#

---------------  S U M M A R Y ------------

Command Line: -Dorg.gradle.internal.worker.tmpdir=C:\Users\User\Desktop\SINGLESTORE BCP\Proyecto Grapho 2\graphql-dbc\ms-accounts-graphql\build\tmp\test\work -Dorg.gradle.native=false -Xmx512m -Dfile.encoding=windows-1252 -Duser.country=PE -Duser.language=es -Duser.variant -ea worker.org.gradle.process.internal.worker.GradleWorkerMain 'Gradle Test Executor 1'

Host: Intel(R) Core(TM) i7-6820HQ CPU @ 2.70GHz, 8 cores, 31G,  Windows 10 , 64 bit Build 19041 (10.0.19041.3636)
Time: Wed May 15 16:18:23 2024 Hora est. Pacífico, Sudamérica elapsed time: 0.015021 seconds (0d 0h 0m 0s)

---------------  T H R E A D  ---------------

Current thread (0x000002652e772490):  JavaThread "Unknown thread" [_thread_in_vm, id=4744, stack(0x000000ffe6900000,0x000000ffe6a00000)]

Stack: [0x000000ffe6900000,0x000000ffe6a00000]
Native frames: (J=compiled Java code, j=interpreted, Vv=VM code, C=native code)
V  [jvm.dll+0x670baa]
V  [jvm.dll+0x7cfcb4]
V  [jvm.dll+0x7d145e]
V  [jvm.dll+0x7d1ac3]
V  [jvm.dll+0x242bc5]
V  [jvm.dll+0x66dac9]
V  [jvm.dll+0x662412]
V  [jvm.dll+0x300c0b]
V  [jvm.dll+0x3081a6]
V  [jvm.dll+0x357d0e]
V  [jvm.dll+0x357f3f]
V  [jvm.dll+0x2d7ec8]
V  [jvm.dll+0x2d8e34]
V  [jvm.dll+0x7a18c1]
V  [jvm.dll+0x365a91]
V  [jvm.dll+0x780d2c]
V  [jvm.dll+0x3e845f]
V  [jvm.dll+0x3e9f01]
C  [jli.dll+0x527b]
C  [ucrtbase.dll+0x21bb2]
C  [KERNEL32.DLL+0x17344]
C  [ntdll.dll+0x526b1]


---------------  P R O C E S S  ---------------

Threads class SMR info:
_java_thread_list=0x00007ffaaaa89858, length=0, elements={
}

Java Threads: ( => current thread )

Other Threads:
  0x000002652e79f480 GCTaskThread "GC Thread#0" [stack: 0x000000ffe6b00000,0x000000ffe6c00000] [id=18284]
  0x000002652e7a22b0 ConcurrentGCThread "G1 Main Marker" [stack: 0x000000ffe6c00000,0x000000ffe6d00000] [id=22880]
  0x000002652e7a2bd0 ConcurrentGCThread "G1 Conc#0" [stack: 0x000000ffe6d00000,0x000000ffe6e00000] [id=29700]

[error occurred during error reporting (printing all threads), id 0xc0000005, EXCEPTION_ACCESS_VIOLATION (0xc0000005) at pc=0x00007ffaaa2d88a7]

VM state: not at safepoint (not fully initialized)

VM Mutex/Monitor currently owned by a thread:  ([mutex/lock_event])
[0x000002652e76f480] Heap_lock - owner thread: 0x000002652e772490

Heap address: 0x00000000e0000000, size: 512 MB, Compressed Oops mode: 32-bit

CDS archive(s) mapped at: [0x0000000000000000-0x0000000000000000-0x0000000000000000), size 0, SharedBaseAddress: 0x0000000800000000, ArchiveRelocationMode: 0.
Narrow klass base: 0x0000000000000000, Narrow klass shift: 0, Narrow klass range: 0x0

GC Precious Log:
<Empty>

Heap:
 garbage-first heap   total 0K, used 0K [0x00000000e0000000, 0x0000000100000000)
  region size 1024K, 0 young (0K), 0 survivors (0K)

[error occurred during error reporting (printing heap information), id 0xc0000005, EXCEPTION_ACCESS_VIOLATION (0xc0000005) at pc=0x00007ffaaa6b9f19]

GC Heap History (0 events):
No events

Deoptimization events (0 events):
No events

Classes unloaded (0 events):
No events

Classes redefined (0 events):
No events

Internal exceptions (0 events):
No events

VM Operations (0 events):
No events

Events (1 events):
Event: 0.010 Loaded shared library C:\Program Files\Java\jdk-17.0.2\bin\java.dll


Dynamic libraries:
0x00007ff6d5c90000 - 0x00007ff6d5ca0000 	C:\Program Files\Java\jdk-17.0.2\bin\java.exe
0x00007ffaee3d0000 - 0x00007ffaee5c8000 	C:\WINDOWS\SYSTEM32\ntdll.dll
0x00007ffaec400000 - 0x00007ffaec4bd000 	C:\WINDOWS\System32\KERNEL32.DLL
0x00007ffaeba80000 - 0x00007ffaebd76000 	C:\WINDOWS\System32\KERNELBASE.dll
0x00007ffae8430000 - 0x00007ffae84c0000 	C:\WINDOWS\SYSTEM32\apphelp.dll
0x00007ffaec240000 - 0x00007ffaec340000 	C:\WINDOWS\System32\ucrtbase.dll
0x00007ffacfae0000 - 0x00007ffacfaf8000 	C:\Program Files\Java\jdk-17.0.2\bin\jli.dll
0x00007ffaed6c0000 - 0x00007ffaed770000 	C:\WINDOWS\System32\ADVAPI32.dll
0x00007ffaed450000 - 0x00007ffaed4ee000 	C:\WINDOWS\System32\msvcrt.dll
0x00007ffaed5a0000 - 0x00007ffaed640000 	C:\WINDOWS\System32\sechost.dll
0x00007ffaed040000 - 0x00007ffaed163000 	C:\WINDOWS\System32\RPCRT4.dll
0x00007ffaec340000 - 0x00007ffaec367000 	C:\WINDOWS\System32\bcrypt.dll
0x00007ffaed1d0000 - 0x00007ffaed36f000 	C:\WINDOWS\System32\USER32.dll
0x00007ffaebd80000 - 0x00007ffaebda2000 	C:\WINDOWS\System32\win32u.dll
0x00007ffaed9a0000 - 0x00007ffaed9cb000 	C:\WINDOWS\System32\GDI32.dll
0x00007ffaebdb0000 - 0x00007ffaebec7000 	C:\WINDOWS\System32\gdi32full.dll
0x00007ffaec1a0000 - 0x00007ffaec23d000 	C:\WINDOWS\System32\msvcp_win.dll
0x00007ffacae90000 - 0x00007ffacaeaa000 	C:\Program Files\Java\jdk-17.0.2\bin\VCRUNTIME140.dll
0x00007ffad7ee0000 - 0x00007ffad817a000 	C:\WINDOWS\WinSxS\amd64_microsoft.windows.common-controls_6595b64144ccf1df_6.0.19041.3636_none_60b6a03d71f818d5\COMCTL32.dll
0x00007ffae4650000 - 0x00007ffae465a000 	C:\WINDOWS\SYSTEM32\VERSION.dll
0x00007ffaec700000 - 0x00007ffaec732000 	C:\WINDOWS\System32\IMM32.DLL
0x00007ffac1f60000 - 0x00007ffac20c3000 	C:\Program Files (x86)\Citrix\ICA Client\epclient64.dll
0x00007ffaedfd0000 - 0x00007ffaee323000 	C:\WINDOWS\System32\combase.dll
0x00007ffaeaba0000 - 0x00007ffaeabd3000 	C:\WINDOWS\SYSTEM32\ntmarta.dll
0x00007ffaec370000 - 0x00007ffaec3f2000 	C:\WINDOWS\System32\bcryptprimitives.dll
0x00007ffaea290000 - 0x00007ffaea2a2000 	C:\WINDOWS\SYSTEM32\kernel.appcore.dll
0x00007ffae6710000 - 0x00007ffae671c000 	C:\Program Files\Java\jdk-17.0.2\bin\vcruntime140_1.dll
0x00007ffac03f0000 - 0x00007ffac047d000 	C:\Program Files\Java\jdk-17.0.2\bin\msvcp140.dll
0x00007ffaa9ff0000 - 0x00007ffaaabb1000 	C:\Program Files\Java\jdk-17.0.2\bin\server\jvm.dll
0x00007ffaed990000 - 0x00007ffaed998000 	C:\WINDOWS\System32\PSAPI.DLL
0x00007ffac81e0000 - 0x00007ffac81e9000 	C:\WINDOWS\SYSTEM32\WSOCK32.dll
0x00007ffaedf60000 - 0x00007ffaedfcb000 	C:\WINDOWS\System32\WS2_32.dll
0x00007ffadb2c0000 - 0x00007ffadb2e7000 	C:\WINDOWS\SYSTEM32\WINMM.dll
0x00007ffae3f40000 - 0x00007ffae3f4a000 	C:\Program Files\Java\jdk-17.0.2\bin\jimage.dll
0x00007ffae9610000 - 0x00007ffae97f4000 	C:\WINDOWS\SYSTEM32\DBGHELP.DLL
0x00007ffad7670000 - 0x00007ffad76a4000 	C:\WINDOWS\SYSTEM32\dbgcore.DLL
0x00007ffac5720000 - 0x00007ffac5745000 	C:\Program Files\Java\jdk-17.0.2\bin\java.dll

dbghelp: loaded successfully - version: 4.0.5 - missing functions: none
symbol engine: initialized successfully - sym options: 0x614 - pdb path: .;C:\Program Files\Java\jdk-17.0.2\bin;C:\WINDOWS\SYSTEM32;C:\WINDOWS\WinSxS\amd64_microsoft.windows.common-controls_6595b64144ccf1df_6.0.19041.3636_none_60b6a03d71f818d5;C:\Program Files (x86)\Citrix\ICA Client;C:\Program Files\Java\jdk-17.0.2\bin\server

VM Arguments:
jvm_args: -Dorg.gradle.internal.worker.tmpdir=C:\Users\User\Desktop\SINGLESTORE BCP\Proyecto Grapho 2\graphql-dbc\ms-accounts-graphql\build\tmp\test\work -Dorg.gradle.native=false -Xmx512m -Dfile.encoding=windows-1252 -Duser.country=PE -Duser.language=es -Duser.variant -ea 
java_command: worker.org.gradle.process.internal.worker.GradleWorkerMain 'Gradle Test Executor 1'
java_class_path (initial): C:\Users\User\.gradle\caches\8.4\workerMain\gradle-worker.jar;C:\Users\User\Desktop\SINGLESTORE BCP\Proyecto Grapho 2\graphql-dbc\ms-accounts-graphql\build\classes\java\test;C:\Users\User\Desktop\SINGLESTORE BCP\Proyecto Grapho 2\graphql-dbc\ms-accounts-graphql\build\classes\java\main;C:\Users\User\Desktop\SINGLESTORE BCP\Proyecto Grapho 2\graphql-dbc\ms-accounts-graphql\build\resources\main;C:\Users\User\.gradle\caches\modules-2\files-2.1\com.netflix.graphql.dgs.codegen\graphql-dgs-codegen-shared-core\6.0.3\61c0ddc0a2703fd84ff3e433ff98f948f2d2d31b\graphql-dgs-codegen-shared-core-6.0.3.jar;C:\Users\User\.gradle\caches\modules-2\files-2.1\com.netflix.graphql.dgs\graphql-dgs-extended-scalars\8.1.1\e668e97d487967f5e239c81e0bf14fa965874eed\graphql-dgs-extended-scalars-8.1.1.jar;C:\Users\User\.gradle\caches\modules-2\files-2.1\com.netflix.graphql.dgs\graphql-dgs-spring-boot-oss-autoconfigure\8.1.1\4d59844d8ddb5bd27312d9bc5c974ac479d03105\graphql-dgs-spring-boot-oss-autoconfigure-8.1.1.jar;C:\Users\User\.gradle\caches\modules-2\files-2.1\com.netflix.graphql.dgs\graphql-dgs-spring-webmvc-autoconfigure\8.1.1\84c0f1682cd91e0292485b80f5095ed1e37a4057\graphql-dgs-spring-webmvc-autoconfigure-8.1.1.jar;C:\Users\User\.gradle\caches\modules-2\files-2.1\com.netflix.graphql.dgs\graphql-dgs-client\8.1.1\ee6ff9bca0501583e40183f10241758390cc4389\graphql-dgs-client-8.1.1.jar;C:\Users\User\.gradle\caches\modules-2\files-2.1\com.netflix.graphql.dgs\graphql-dgs-spring-webmvc\8.1.1\4d4fb754fe9461fce7b7ff57f75746725e407a10\graphql-dgs-spring-webmvc-8.1.1.jar;C:\Users\User\.gradle\caches\modules-2\files-2.1\com.netflix.graphql.dgs\graphql-dgs\8.1.1\3eda7e6e7b493c46d8c6b7ea0c33ac8a9ceb57f8\graphql-dgs-8.1.1.jar;C:\Users\User\.gradle\caches\modules-2\files-2.1\com.netflix.graphql.dgs\graphql-error-types\8.1.1\eaba2f26c81f41dc9e02555581383341a8b2c0be\graphql-error-types-8.1.1.jar;C:\Users\User\.gradle\caches\modules-2\files-2.1\com.netflix.graphql.dgs\graphql-dgs-sub
Launcher Type: SUN_STANDARD

[Global flags]
     intx CICompilerCount                          = 4                                         {product} {ergonomic}
     uint ConcGCThreads                            = 2                                         {product} {ergonomic}
     uint G1ConcRefinementThreads                  = 8                                         {product} {ergonomic}
   size_t G1HeapRegionSize                         = 1048576                                   {product} {ergonomic}
    uintx GCDrainStackTargetSize                   = 64                                        {product} {ergonomic}
   size_t InitialHeapSize                          = 528482304                                 {product} {ergonomic}
   size_t MarkStackSize                            = 4194304                                   {product} {ergonomic}
   size_t MaxHeapSize                              = 536870912                                 {product} {command line}
   size_t MinHeapDeltaBytes                        = 1048576                                   {product} {ergonomic}
   size_t MinHeapSize                              = 8388608                                   {product} {ergonomic}
    uintx NonNMethodCodeHeapSize                   = 5839372                                {pd product} {ergonomic}
    uintx NonProfiledCodeHeapSize                  = 122909434                              {pd product} {ergonomic}
    uintx ProfiledCodeHeapSize                     = 122909434                              {pd product} {ergonomic}
    uintx ReservedCodeCacheSize                    = 251658240                              {pd product} {ergonomic}
     bool SegmentedCodeCache                       = true                                      {product} {ergonomic}
   size_t SoftMaxHeapSize                          = 536870912                              {manageable} {ergonomic}
     bool UseCompressedClassPointers               = true                           {product lp64_product} {ergonomic}
     bool UseCompressedOops                        = true                           {product lp64_product} {ergonomic}
     bool UseG1GC                                  = true                                      {product} {ergonomic}
     bool UseLargePagesIndividualAllocation        = false                                  {pd product} {ergonomic}

Logging:
Log output configuration:
 #0: stdout all=warning uptime,level,tags
 #1: stderr all=off uptime,level,tags

Environment Variables:
JAVA_HOME=C:\Program Files\Java\jdk-17.0.2
PATH=C:\Program Files (x86)\Google\Chrome\Application;C:\Program Files\Microsoft SDKs\Azure\CLI2\wbin;C:\Program Files (x86)\Common Files\Oracle\Java\javapath;C:\Python310\Scripts\;C:\Python310\;C:\Program Files\Microsoft\jdk-11.0.12.7-hotspot\bin;C:\WINDOWS\system32;C:\WINDOWS;C:\WINDOWS\System32\Wbem;C:\WINDOWS\System32\WindowsPowerShell\v1.0\;C:\WINDOWS\System32\OpenSSH\;C:\Program Files\Git\cmd;C:\Program Files\PuTTY\;C:\Users\User\AppData\Local\Android\Sdk\platform-tools;C:\Users\User\AppData\Local\Android\Sdk\platforms;C:\Program Files\nodejs\;C:\ProgramData\chocolatey\bin;D:\xampp 7.4\php;C:\ProgramData\ComposerSetup\bin;C:\Program Files\dotnet\;C:\Program Files\Docker\Docker\resources\bin;C:\Program Files\Maven\apache-maven-3.9.6\bin;C:\Program Files\Java\jdk-17.0.2\bin;C:\Program Files\SpringBoot\spring-3.2.4\bin;C:\Program Files (x86)\Microsoft SQL Server\160\DTS\Binn\;C:\Program Files (x86)\Microsoft SQL Server\160\Tools\Binn\;C:\Program Files\Microsoft SQL Server\160\Tools\Binn\;C:\Program Files\Microsoft SQL Server\Client SDK\ODBC\170\Tools\Binn\;C:\Program Files\Microsoft SQL Server\160\DTS\Binn\;C:\Users\User\AppData\Local\Microsoft\WindowsApps;C:\Users\User\AppData\Local\Programs\Microsoft VS Code\bin;C:\Program Files\Azure Data Studio\bin;C:\src\flutter\bin;C:\Users\User\AppData\Roaming\npm;E:\Programas\PyCharm Community Edition 2023.3.3\bin;;C:\Users\User\AppData\Roaming\Composer\vendor\bin;C:\Users\User\AppData\Local\Android\Sdk;C:\Users\User\AppData\Local\Pub\Cache\bin;D:\xampp 7.4\mysql\bin;C:\Program Files\Azure Data Studio\bin;E:\Programas\PyCharm 2023.3.3\bin;;E:\folder programs\spark-3.5.0-bin-hadoop3\bin;
USERNAME=User
OS=Windows_NT
PROCESSOR_IDENTIFIER=Intel64 Family 6 Model 94 Stepping 3, GenuineIntel



---------------  S Y S T E M  ---------------

OS:
 Windows 10 , 64 bit Build 19041 (10.0.19041.3636)
OS uptime: 6 days 18:17 hours
Hyper-V role detected

CPU: total 8 (initial active 8) (4 cores per cpu, 2 threads per core) family 6 model 94 stepping 3 microcode 0xcc, cx8, cmov, fxsr, ht, mmx, 3dnowpref, sse, sse2, sse3, ssse3, sse4.1, sse4.2, popcnt, lzcnt, tsc, tscinvbit, avx, avx2, aes, erms, clmul, bmi1, bmi2, rtm, adx, fma, vzeroupper, clflush, clflushopt, hv

Memory: 4k page, system-wide physical 32134M (9051M free)
TotalPageFile size 34182M (AvailPageFile size 398M)
current process WorkingSet (physical memory assigned to process): 14M, peak: 14M
current process commit charge ("private bytes"): 61M, peak: 565M

vm_info: Java HotSpot(TM) 64-Bit Server VM (17.0.2+8-LTS-86) for windows-amd64 JRE (17.0.2+8-LTS-86), built on Dec  7 2021 21:51:03 by "mach5one" with MS VC++ 16.8 / 16.9 (VS2019)

END.
